<?xml version="1.0" encoding="UTF-8"?>
<testng-results skipped="0" failed="0" total="1" passed="1">
  <reporter-output>
  </reporter-output>
  <suite name="Default suite" duration-ms="14559" started-at="2018-02-10T20:20:28Z" finished-at="2018-02-10T20:20:43Z">
    <groups>
    </groups>
    <test name="Default test" duration-ms="14559" started-at="2018-02-10T20:20:28Z" finished-at="2018-02-10T20:20:43Z">
      <class name="newTest.FirstTestNG">
        <test-method status="PASS" signature="Login()[pri:0, instance:newTest.FirstTestNG@482f8f11]" name="Login" duration-ms="14526" started-at="2018-02-11T01:50:28Z" finished-at="2018-02-11T01:50:43Z">
          <reporter-output>
          </reporter-output>
        </test-method> <!-- Login -->
      </class> <!-- newTest.FirstTestNG -->
    </test> <!-- Default test -->
  </suite> <!-- Default suite -->
</testng-results>
